[INFO][07-07-2025 21:41:05] - Кнопка с кастомными пресетами нажата
[INFO][07-07-2025 21:41:06] - Кнопка Color Wipe нажата
[INFO][07-07-2025 21:42:03] - Бот остановлен!
[INFO][07-07-2025 21:42:06] - Бот запущен!
[INFO][07-07-2025 21:42:07] - Кнопка Color Wipe нажата
[INFO][07-07-2025 21:42:45] - Бот остановлен!
[INFO][07-07-2025 21:42:48] - Бот запущен!
[INFO][07-07-2025 21:42:51] - Кнопка Color Wipe нажата
[INFO][07-07-2025 21:42:52] - Выбран Yelloworange для Color Wipe
[INFO][07-07-2025 21:42:54] - Выбран Orangered для Color Wipe 2
[INFO][07-07-2025 21:42:54] - Отправлен сигнал BLACK на Arduino
[INFO][07-07-2025 21:42:57] - Открыто меню выбора цвета для Color Wipe 2
[INFO][07-07-2025 21:42:59] - Открыто меню выбора цвета для Color Wipe 2
[INFO][07-07-2025 21:43:02] - Кнопка с кастомными пресетами нажата
[INFO][07-07-2025 21:43:03] - Кнопка Color Wipe нажата
[INFO][07-07-2025 21:43:04] - Выбран White для Color Wipe
[INFO][07-07-2025 21:43:05] - Выбран Darkblue для Color Wipe 2
[INFO][07-07-2025 21:43:06] - Отправлен сигнал BLACK на Arduino
[INFO][07-07-2025 21:43:28] - Открыто меню выбора цвета для Color Wipe 2
[INFO][07-07-2025 21:43:31] - Кнопка с кастомными пресетами нажата
[INFO][07-07-2025 21:43:32] - Кнопка Color Wipe нажата
[INFO][07-07-2025 21:43:34] - Выбран Yellow для Color Wipe
[INFO][07-07-2025 21:43:36] - Выбран Orangered для Color Wipe 2
[INFO][07-07-2025 21:43:36] - Отправлен сигнал BLACK на Arduino
[INFO][07-07-2025 21:43:43] - Кнопка с кастомными пресетами нажата
[INFO][07-07-2025 21:43:43] - Кнопка Fade in/out нажата
[INFO][07-07-2025 21:43:45] - Кнопка Color Wipe нажата
[INFO][07-07-2025 21:43:47] - Выбран Violet для Color Wipe
[INFO][07-07-2025 21:43:48] - Выбран Red для Color Wipe 2
[INFO][07-07-2025 21:43:48] - Отправлен сигнал BLACK на Arduino
[INFO][07-07-2025 21:43:53] - Открыто меню выбора цвета для Color Wipe 2
[INFO][07-07-2025 21:43:56] - Кнопка с кастомными пресетами нажата
[INFO][07-07-2025 21:43:58] - Кнопка Color Wipe нажата
[INFO][07-07-2025 21:43:59] - Выбран White для Color Wipe
[INFO][07-07-2025 21:44:01] - Выбран Green для Color Wipe 2
[INFO][07-07-2025 21:44:01] - Отправлен сигнал BLACK на Arduino
[INFO][07-07-2025 21:45:00] - Выбран Violet для Color Wipe 2
[INFO][07-07-2025 21:45:00] - Отправлен сигнал BLACK на Arduino
[INFO][07-07-2025 21:45:02] - Выбран Orangered для Color Wipe 2
[INFO][07-07-2025 21:45:02] - Отправлен сигнал BLACK на Arduino
[INFO][07-07-2025 21:46:50] - Выбран Lightblue для Color Wipe 2
[INFO][07-07-2025 21:46:50] - Отправлен сигнал BLACK на Arduino
[INFO][07-07-2025 21:46:51] - Выбран Yelloworange для Color Wipe 2
[INFO][07-07-2025 21:46:51] - Отправлен сигнал BLACK на Arduino
[INFO][07-07-2025 21:47:04] - Кнопка Green нажата
[INFO][07-07-2025 21:47:04] - Отправлен сигнал Green на Arduino
[INFO][07-07-2025 21:47:05] - Кнопка с кастомными пресетами нажата
[INFO][07-07-2025 21:47:06] - Кнопка Color Wipe нажата
[INFO][07-07-2025 21:47:08] - Выбран Orangered для Color Wipe
[INFO][07-07-2025 21:47:09] - Выбран Darkblue для Color Wipe 2
[INFO][07-07-2025 21:47:09] - Отправлен сигнал BLACK на Arduino
[INFO][07-07-2025 21:48:18] - Выбран White для Color Wipe 2
[INFO][07-07-2025 21:48:18] - Отправлен сигнал BLACK на Arduino
[INFO][07-07-2025 21:48:20] - Выбран Violet для Color Wipe 2
[INFO][07-07-2025 21:48:20] - Отправлен сигнал BLACK на Arduino
[INFO][07-07-2025 21:48:33] - Кнопка White нажата
[INFO][07-07-2025 21:48:33] - Отправлен сигнал White на Arduino
[INFO][07-07-2025 21:48:34] - Кнопка Violet нажата
[INFO][07-07-2025 21:48:34] - Отправлен сигнал Violet на Arduino
[INFO][07-07-2025 21:48:36] - Кнопка с кастомными пресетами нажата
[INFO][07-07-2025 21:48:37] - Кнопка Color Wipe нажата
[INFO][07-07-2025 21:48:38] - Выбран White для Color Wipe
[INFO][07-07-2025 21:48:38] - Выбран Violet для Color Wipe 2
[INFO][07-07-2025 21:48:38] - Отправлен сигнал BLACK на Arduino
[INFO][07-07-2025 21:49:14] - Открыто меню выбора цвета для Color Wipe 2
[INFO][07-07-2025 21:49:18] - Кнопка с кастомными пресетами нажата
[INFO][07-07-2025 21:49:18] - Кнопка Color Wipe нажата
[INFO][07-07-2025 21:49:19] - Выбран Darkblue для Color Wipe
[INFO][07-07-2025 21:49:20] - Выбран Orangered для Color Wipe 2
[INFO][07-07-2025 21:49:20] - Отправлен сигнал BLACK на Arduino
[INFO][07-07-2025 21:52:35] - Выбран Darkblue для Color Wipe 2
[INFO][07-07-2025 21:52:35] - Отправлен сигнал BLACK на Arduino
[INFO][07-07-2025 21:52:36] - Выбран Yelloworange для Color Wipe 2
[INFO][07-07-2025 21:52:37] - Отправлен сигнал BLACK на Arduino
[INFO][07-07-2025 21:52:52] - Выбран Yelloworange для Color Wipe 2
[INFO][07-07-2025 21:52:52] - Отправлен сигнал BLACK на Arduino
[INFO][07-07-2025 21:52:53] - Выбран Violet для Color Wipe 2
[INFO][07-07-2025 21:52:53] - Отправлен сигнал BLACK на Arduino
[INFO][07-07-2025 21:54:09] - Кнопка с кастомными пресетами нажата
[INFO][07-07-2025 21:54:10] - Кнопка Color Wipe нажата
[INFO][07-07-2025 21:54:12] - Выбран Yelloworange для Color Wipe
[INFO][07-07-2025 21:54:12] - Выбран Violet для Color Wipe 2
[INFO][07-07-2025 21:54:12] - Отправлен сигнал BLACK на Arduino
[INFO][07-07-2025 21:55:12] - Выбран Yelloworange для Color Wipe 2
[INFO][07-07-2025 21:55:12] - Отправлен сигнал BLACK на Arduino
[INFO][07-07-2025 21:55:13] - Выбран Orange для Color Wipe 2
[INFO][07-07-2025 21:55:13] - Отправлен сигнал BLACK на Arduino
[INFO][07-07-2025 21:55:21] - Кнопка с кастомными пресетами нажата
[INFO][07-07-2025 21:55:21] - Кнопка Color Wipe нажата
[INFO][07-07-2025 21:55:23] - Выбран Red для Color Wipe
[INFO][07-07-2025 21:55:25] - Выбран Darkblue для Color Wipe 2
[INFO][07-07-2025 21:55:25] - Отправлен сигнал BLACK на Arduino
[INFO][07-07-2025 21:55:33] - Кнопка с кастомными пресетами нажата
[INFO][07-07-2025 21:55:33] - Кнопка Color Wipe нажата
[INFO][07-07-2025 21:55:36] - Выбран White для Color Wipe
[INFO][07-07-2025 21:55:38] - Выбран Orangered для Color Wipe 2
[INFO][07-07-2025 21:55:38] - Отправлен сигнал BLACK на Arduino
[INFO][07-07-2025 21:55:53] - Кнопка с кастомными пресетами нажата
[INFO][07-07-2025 21:55:54] - Кнопка Color Wipe нажата
[INFO][07-07-2025 21:55:55] - Выбран White для Color Wipe
[INFO][07-07-2025 21:55:57] - Выбран Blue для Color Wipe 2
[INFO][07-07-2025 21:55:57] - Отправлен сигнал BLACK на Arduino
[INFO][07-07-2025 21:56:09] - Кнопка с кастомными пресетами нажата
[INFO][07-07-2025 21:56:11] - Кнопка Runnung Lights нажата
[INFO][07-07-2025 21:56:11] - Отправлен сигнал Running Light на Arduino
[INFO][07-07-2025 21:56:20] - Кнопка Cylon нажата
[INFO][07-07-2025 21:56:20] - Отправлен сигнал Cylon на Arduino
[INFO][07-07-2025 21:56:27] - Кнопка Rainbow нажата
[INFO][07-07-2025 21:56:27] - Отправлен сигнал Rainbow на Arduino
[INFO][07-07-2025 21:56:37] - Кнопка Pacific нажата
[INFO][07-07-2025 21:56:37] - Отправлен сигнал Pacific на Arduino
[INFO][07-07-2025 21:56:45] - Кнопка Fade in/out нажата
[INFO][07-07-2025 21:56:46] - Выбран Darkblue для Fade In / Out
[INFO][07-07-2025 21:56:46] - Отправлен сигнал BLACK на Arduino
[INFO][07-07-2025 21:56:49] - Выбран Orangered для Fade In / Out
[INFO][07-07-2025 21:56:49] - Отправлен сигнал BLACK на Arduino
